<?xml version="1.0" encoding="UTF-8"?>
<!-- Generated by org.testng.reporters.JUnitReportReporter -->
<testsuite hostname="Nazooo4k" failures="0" tests="1" name="tests.PlayerMatchStatsRetrieverTest" time="18.872" errors="0" timestamp="2025-08-14T09:46:00 IST" skipped="0">
  <testcase classname="tests.PlayerMatchStatsRetrieverTest" name="testPlayerMatchStatsRetriever" time="18.872"/>
</testsuite> <!-- tests.PlayerMatchStatsRetrieverTest -->
