<?xml version="1.0" encoding="UTF-8"?>
<!-- Generated by org.testng.reporters.JUnitReportReporter -->
<testsuite hostname="Nazooo4k" failures="0" tests="1" name="tests.FirstTeamTitleTest" time="7.125" errors="0" timestamp="2025-08-14T09:42:09 IST" skipped="0">
  <testcase classname="tests.FirstTeamTitleTest" name="testFirstTeamTitle" time="7.125"/>
</testsuite> <!-- tests.FirstTeamTitleTest -->
