<?xml version="1.0" encoding="UTF-8"?>
<!-- Generated by org.testng.reporters.JUnitReportReporter -->
<testsuite hostname="Nazooo4k" failures="0" tests="1" name="tests.FooterRetrieverAfterClicksTest" time="6.945" errors="0" timestamp="2025-08-14T09:42:29 IST" skipped="0">
  <testcase classname="tests.FooterRetrieverAfterClicksTest" name="testFooterRetriever" time="6.945"/>
</testsuite> <!-- tests.FooterRetrieverAfterClicksTest -->
