<?xml version="1.0" encoding="UTF-8"?>
<!-- Generated by org.testng.reporters.JUnitReportReporter -->
<testsuite hostname="Nazooo4k" failures="0" tests="1" name="tests.LoadingTimeCalculatorTest" time="6.908" errors="0" timestamp="2025-08-14T09:43:39 IST" skipped="0">
  <testcase classname="tests.LoadingTimeCalculatorTest" name="testLoadingTimeCalculator" time="6.908"/>
</testsuite> <!-- tests.LoadingTimeCalculatorTest -->
