<?xml version="1.0" encoding="UTF-8"?>
<!-- Generated by org.testng.reporters.JUnitReportReporter -->
<testsuite hostname="Nazooo4k" failures="0" tests="1" name="tests.StandingsValuesRetrieverTest" time="5.127" errors="0" timestamp="2025-08-14T09:46:56 IST" skipped="0">
  <testcase classname="tests.StandingsValuesRetrieverTest" name="testStandingsValuesRetriever" time="5.127"/>
</testsuite> <!-- tests.StandingsValuesRetrieverTest -->
