<?xml version="1.0" encoding="UTF-8"?>
<!-- Generated by org.testng.reporters.JUnitReportReporter -->
<testsuite hostname="Nazooo4k" failures="0" tests="1" name="tests.PointsTableRetrieverTest" time="5.371" errors="0" timestamp="2025-08-14T09:46:44 IST" skipped="0">
  <testcase classname="tests.PointsTableRetrieverTest" name="testPointsTableRetriever" time="5.371"/>
</testsuite> <!-- tests.PointsTableRetrieverTest -->
