<?xml version="1.0" encoding="UTF-8"?>
<!-- Generated by org.testng.reporters.JUnitReportReporter -->
<testsuite hostname="Nazooo4k" failures="0" tests="1" name="tests.FullPageScreenshotTest" time="9.058" errors="0" timestamp="2025-08-14T09:43:13 IST" skipped="0">
  <testcase classname="tests.FullPageScreenshotTest" name="testFullPageScreenshot" time="9.058"/>
</testsuite> <!-- tests.FullPageScreenshotTest -->
